2025-07-14 22:58:11 +0000 [MT] Initial pipeline context: <IDEDistributionProcessingPipelineContext: 0x13785e230; archive(resolved)="<IDEArchive: 0x1164bb8f0>", distributionTask(resolved)="2", distributionDestination(resolved)="1", distributionMethod(resolved)="<IDEDistributionMethodDeveloperID: 0x1366b1570>", team(resolved)="<IDEProvisioningBasicTeam: 0x1366cf460; teamID='D39Q3HLKCF', teamName='(null)'>">
	Chain (12, self inclusive):
	<IDEDistributionProcessingPipelineContext: 0x13785e230; archive = "<IDEArchive: 0x1164bb8f0>", distributionMethod="<IDEDistributionMethodDeveloperID: 0x1366b1570>", team="<IDEProvisioningBasicTeam: 0x1366cf460; teamID='D39Q3HLKCF', teamName='(null)'>">
	<IDEDistributionProcessingPipelineContext: 0x1378502a0; archive = "<IDEArchive: 0x1164bb8f0>", distributionMethod="<IDEDistributionMethodDeveloperID: 0x1366b1570>", team="<IDEProvisioningBasicTeam: 0x1366cf460; teamID='D39Q3HLKCF', teamName='(null)'>">
	<IDEDistributionContext: 0x13785e5f0; archive = "<IDEArchive: 0x1164bb8f0>", distributionMethod="<IDEDistributionMethodDeveloperID: 0x1366b1570>", team="<IDEProvisioningBasicTeam: 0x1366cf460; teamID='D39Q3HLKCF', teamName='(null)'>">
	<IDEDistributionContext: 0x1379217e0; archive = "<IDEArchive: 0x1164bb8f0>", distributionMethod="<IDEDistributionMethodDeveloperID: 0x1366b1570>", team="<IDEProvisioningBasicTeam: 0x1366cf460; teamID='D39Q3HLKCF', teamName='(null)'>">
	<IDEDistributionContext: 0x1174247c0; archive = "<IDEArchive: 0x1164bb8f0>", distributionMethod="<IDEDistributionMethodDeveloperID: 0x1366b1570>", team="<IDEProvisioningBasicTeam: 0x1366cf460; teamID='D39Q3HLKCF', teamName='(null)'>">
	<IDEDistributionContext: 0x137832490; archive = "<IDEArchive: 0x1164bb8f0>", distributionMethod="<IDEDistributionMethodDeveloperID: 0x1366b1570>", team="<IDEProvisioningBasicTeam: 0x1366cf460; teamID='D39Q3HLKCF', teamName='(null)'>">
	<IDEDistributionContext: 0x1366d46c0; archive = "<IDEArchive: 0x1164bb8f0>", distributionMethod="<IDEDistributionMethodDeveloperID: 0x1366b1570>", team="<IDEProvisioningBasicTeam: 0x1366cf460; teamID='D39Q3HLKCF', teamName='(null)'>">
	<IDEDistributionContext: 0x1366d42b0; archive = "<IDEArchive: 0x1164bb8f0>", distributionMethod="<IDEDistributionMethodDeveloperID: 0x1366b1570>", team="<IDEProvisioningBasicTeam: 0x1366cf460; teamID='D39Q3HLKCF', teamName='(null)'>">
	<IDEDistributionContext: 0x1164db3c0; archive = "<IDEArchive: 0x1164bb8f0>", distributionMethod="<IDEDistributionMethodDeveloperID: 0x1366b1570>", team="<IDEProvisioningBasicTeam: 0x1366cf460; teamID='D39Q3HLKCF', teamName='(null)'>">
	<IDEDistributionContext: 0x1164dabb0; archive = "<IDEArchive: 0x1164bb8f0>", distributionMethod="<IDEDistributionMethodDeveloperID: 0x1366b1570>", team="(null)">
	<IDEDistributionContext: 0x13782d920; archive = "<IDEArchive: 0x1164bb8f0>", distributionMethod="<IDEDistributionMethodDeveloperID: 0x1366b1570>", team="(null)">
	<IDEDistributionContext: 0x1164bca10; archive = "<IDEArchive: 0x1164bb8f0>", distributionMethod="(null)", team="(null)">
</IDEDistributionProcessingPipelineContext: 0x13785e230>
2025-07-14 22:58:11 +0000 [MT] Processing step: IDEDistributionCreateDestRootStep
2025-07-14 22:58:11 +0000 [MT] Processing step: IDEDistributionCopyItemStep
2025-07-14 22:58:11 +0000 [MT] Running /usr/bin/ditto '-V' '/Users/lhoup/scratchpad/sentiment-analysis-macos/SentimentAnalysisApp/SentimentAnalysisApp.xcarchive/Products/Applications/Sentiment Analyzer.app' '/var/folders/m5/9h4r9pj54jxgrd8r7n4yml340000gr/T/XcodeDistPipeline.~~~Xvo10X/Root/Applications/Sentiment Analyzer.app'
2025-07-14 22:58:11 +0000  >>> Copying /Users/lhoup/scratchpad/sentiment-analysis-macos/SentimentAnalysisApp/SentimentAnalysisApp.xcarchive/Products/Applications/Sentiment Analyzer.app 
2025-07-14 22:58:11 +0000  copying file ./Contents/_CodeSignature/CodeResources ... 
2025-07-14 22:58:11 +0000  3717 bytes for ./Contents/_CodeSignature/CodeResources
2025-07-14 22:58:11 +0000  copying file ./Contents/MacOS/Sentiment Analyzer ... 
2025-07-14 22:58:11 +0000  1664672 bytes for ./Contents/MacOS/Sentiment Analyzer
2025-07-14 22:58:11 +0000  copying file ./Contents/Resources/PLANNING.md ... 
2025-07-14 22:58:11 +0000  3822 bytes for ./Contents/Resources/PLANNING.md
2025-07-14 22:58:11 +0000  copying file ./Contents/Resources/ZIPFoundation_ZIPFoundation.bundle/Contents/Resources/PrivacyInfo.xcprivacy ... 
2025-07-14 22:58:11 +0000  599 bytes for ./Contents/Resources/ZIPFoundation_ZIPFoundation.bundle/Contents/Resources/PrivacyInfo.xcprivacy
2025-07-14 22:58:11 +0000  copying file ./Contents/Resources/ZIPFoundation_ZIPFoundation.bundle/Contents/Info.plist ... 
2025-07-14 22:58:11 +0000  1145 bytes for ./Contents/Resources/ZIPFoundation_ZIPFoundation.bundle/Contents/Info.plist
2025-07-14 22:58:11 +0000  copying file ./Contents/Resources/AppIcon.icns ... 
2025-07-14 22:58:11 +0000  20402 bytes for ./Contents/Resources/AppIcon.icns
2025-07-14 22:58:11 +0000  copying file ./Contents/Resources/Assets.car ... 
2025-07-14 22:58:11 +0000  320296 bytes for ./Contents/Resources/Assets.car
2025-07-14 22:58:11 +0000  copying file ./Contents/embedded.provisionprofile ... 
2025-07-14 22:58:11 +0000  13620 bytes for ./Contents/embedded.provisionprofile
2025-07-14 22:58:11 +0000  copying file ./Contents/Info.plist ... 
2025-07-14 22:58:11 +0000  2521 bytes for ./Contents/Info.plist
2025-07-14 22:58:11 +0000  copying file ./Contents/PkgInfo ... 
2025-07-14 22:58:11 +0000  8 bytes for ./Contents/PkgInfo
2025-07-14 22:58:11 +0000 [MT] /usr/bin/ditto exited with 0
2025-07-14 22:58:11 +0000 [MT] Processing step: IDEDistributionEmbedProfileStep
2025-07-14 22:58:11 +0000 [MT] Processing step: IDEDistributionInfoPlistStep
2025-07-14 22:58:11 +0000 [MT] Skipping step: IDEDistributionInfoPlistStep because it said so
2025-07-14 22:58:11 +0000 [MT] Processing step: IDEDistributionAppThinningPlistStep
2025-07-14 22:58:11 +0000 [MT] Processing step: IDEDistributionSymbolsStep
2025-07-14 22:58:11 +0000 [MT] Skipping step: IDEDistributionSymbolsStep because it said so
2025-07-14 22:58:11 +0000 [MT] Processing step: IDEDistributionAppThinningStep
2025-07-14 22:58:11 +0000 [MT] Skipping step: IDEDistributionAppThinningStep because it said so
2025-07-14 22:58:11 +0000 [MT] Processing step: IDEDistributionArchThinningStep
2025-07-14 22:58:11 +0000 [MT] Item /Users/lhoup/scratchpad/sentiment-analysis-macos/SentimentAnalysisApp/SentimentAnalysisApp.xcarchive/Products/Applications/Sentiment Analyzer.app doesn't have the entitlement com.apple.developer.web-browser-engine.host enabled, returning ["arm64e"]
2025-07-14 22:58:11 +0000 [MT] Archs to thin for item /Users/lhoup/scratchpad/sentiment-analysis-macos/SentimentAnalysisApp/SentimentAnalysisApp.xcarchive/Products/Applications/Sentiment Analyzer.app are ["arm64e"]
2025-07-14 22:58:11 +0000 [MT] Running /Applications/Xcode.app/Contents/Developer/Toolchains/XcodeDefault.xctoolchain/usr/bin/lipo '/var/folders/m5/9h4r9pj54jxgrd8r7n4yml340000gr/T/XcodeDistPipeline.~~~Xvo10X/Root/Applications/Sentiment Analyzer.app/Contents/MacOS/Sentiment Analyzer' '-verify_arch' 'arm64e'
2025-07-14 22:58:11 +0000 [MT] /Applications/Xcode.app/Contents/Developer/Toolchains/XcodeDefault.xctoolchain/usr/bin/lipo exited with 1
2025-07-14 22:58:11 +0000 [MT] Skipping architecture thinning for item "Sentiment Analyzer" because arch "arm64e" wasn't found
2025-07-14 22:58:11 +0000 [MT] Processing step: IDEDistributionODRStep
2025-07-14 22:58:11 +0000 [MT] Processing step: IDEDistributionStripXattrsStep
2025-07-14 22:58:11 +0000 [MT] Skipping stripping extended attributes because the codesign step will strip them.
2025-07-14 22:58:11 +0000 [MT] Processing step: IDEDistributionCodesignStep
2025-07-14 22:58:11 +0000 [MT] Entitlements for <IDEDistributionItem: 0x118c22260; bundleID='com.inamorata.SentimentAnalysisApp', path='<DVTFilePath:0x1164bc320:'/Users/lhoup/scratchpad/sentiment-analysis-macos/SentimentAnalysisApp/SentimentAnalysisApp.xcarchive/Products/Applications/Sentiment Analyzer.app'>', codeSigningInfo='<_DVTCodeSigningInformation_Path: 0x118c104d0; isSigned='1', isAdHocSigned='0', signingCertificate='<DVTSigningCertificate: 0x137935640; name='Apple Development: Logan Houp (DJ6T2ZGKZM)', hash='9E0448856747ED388571814E8D516CE3BD0FEFD5', serialNumber='26AA577203D56ADD554CBDA18425B992', certificateKinds='(
    "1.2.840.113635.100.6.1.12",
    "1.2.840.113635.100.6.1.2"
), issueDate='2025-07-10 19:38:56 +0000''>', entitlements='{
    "com.apple.application-identifier" = "D39Q3HLKCF.com.inamorata.SentimentAnalysisApp";
    "com.apple.developer.aps-environment" = development;
    "com.apple.developer.icloud-container-identifiers" =     (
    );
    "com.apple.developer.team-identifier" = D39Q3HLKCF;
    "com.apple.security.files.downloads.read-write" = 1;
    "com.apple.security.files.user-selected.read-write" = 1;
    "com.apple.security.network.client" = 1;
    "com.apple.security.network.server" = 1;
}', teamID='D39Q3HLKCF', identifier='com.inamorata.SentimentAnalysisApp', executablePath='<DVTFilePath:0x111ca44e0:'/Users/lhoup/scratchpad/sentiment-analysis-macos/SentimentAnalysisApp/SentimentAnalysisApp.xcarchive/Products/Applications/Sentiment Analyzer.app/Contents/MacOS/Sentiment Analyzer'>', hardenedRuntime='1'>'>: {
    "com.apple.application-identifier" = "D39Q3HLKCF.com.inamorata.SentimentAnalysisApp";
    "com.apple.developer.aps-environment" = production;
    "com.apple.developer.icloud-container-identifiers" =     (
    );
    "com.apple.developer.team-identifier" = D39Q3HLKCF;
    "com.apple.security.files.downloads.read-write" = 1;
    "com.apple.security.files.user-selected.read-write" = 1;
    "com.apple.security.network.client" = 1;
    "com.apple.security.network.server" = 1;
}
2025-07-14 22:58:11 +0000 [MT] Associated App Clip Identifiers Filter: Skipping because "com.apple.developer.associated-appclip-app-identifiers" is not present
2025-07-14 22:58:11 +0000 [MT] Entitlements for <IDEDistributionItem: 0x118c22260; bundleID='com.inamorata.SentimentAnalysisApp', path='<DVTFilePath:0x1164bc320:'/Users/lhoup/scratchpad/sentiment-analysis-macos/SentimentAnalysisApp/SentimentAnalysisApp.xcarchive/Products/Applications/Sentiment Analyzer.app'>', codeSigningInfo='<_DVTCodeSigningInformation_Path: 0x118c104d0; isSigned='1', isAdHocSigned='0', signingCertificate='<DVTSigningCertificate: 0x13783ebe0; name='Apple Development: Logan Houp (DJ6T2ZGKZM)', hash='9E0448856747ED388571814E8D516CE3BD0FEFD5', serialNumber='26AA577203D56ADD554CBDA18425B992', certificateKinds='(
    "1.2.840.113635.100.6.1.12",
    "1.2.840.113635.100.6.1.2"
), issueDate='2025-07-10 19:38:56 +0000''>', entitlements='{
    "com.apple.application-identifier" = "D39Q3HLKCF.com.inamorata.SentimentAnalysisApp";
    "com.apple.developer.aps-environment" = development;
    "com.apple.developer.icloud-container-identifiers" =     (
    );
    "com.apple.developer.team-identifier" = D39Q3HLKCF;
    "com.apple.security.files.downloads.read-write" = 1;
    "com.apple.security.files.user-selected.read-write" = 1;
    "com.apple.security.network.client" = 1;
    "com.apple.security.network.server" = 1;
}', teamID='D39Q3HLKCF', identifier='com.inamorata.SentimentAnalysisApp', executablePath='<DVTFilePath:0x111ca44e0:'/Users/lhoup/scratchpad/sentiment-analysis-macos/SentimentAnalysisApp/SentimentAnalysisApp.xcarchive/Products/Applications/Sentiment Analyzer.app/Contents/MacOS/Sentiment Analyzer'>', hardenedRuntime='1'>'> are: {
    "com.apple.application-identifier" = "D39Q3HLKCF.com.inamorata.SentimentAnalysisApp";
    "com.apple.developer.aps-environment" = production;
    "com.apple.developer.icloud-container-identifiers" =     (
    );
    "com.apple.developer.team-identifier" = D39Q3HLKCF;
    "com.apple.security.files.downloads.read-write" = 1;
    "com.apple.security.files.user-selected.read-write" = 1;
    "com.apple.security.network.client" = 1;
    "com.apple.security.network.server" = 1;
}
2025-07-14 22:58:11 +0000 [MT] Writing entitlements for <IDEDistributionItem: 0x118c22260; bundleID='com.inamorata.SentimentAnalysisApp', path='<DVTFilePath:0x1164bc320:'/Users/lhoup/scratchpad/sentiment-analysis-macos/SentimentAnalysisApp/SentimentAnalysisApp.xcarchive/Products/Applications/Sentiment Analyzer.app'>', codeSigningInfo='<_DVTCodeSigningInformation_Path: 0x118c104d0; isSigned='1', isAdHocSigned='0', signingCertificate='<DVTSigningCertificate: 0x1379728d0; name='Apple Development: Logan Houp (DJ6T2ZGKZM)', hash='9E0448856747ED388571814E8D516CE3BD0FEFD5', serialNumber='26AA577203D56ADD554CBDA18425B992', certificateKinds='(
    "1.2.840.113635.100.6.1.12",
    "1.2.840.113635.100.6.1.2"
), issueDate='2025-07-10 19:38:56 +0000''>', entitlements='{
    "com.apple.application-identifier" = "D39Q3HLKCF.com.inamorata.SentimentAnalysisApp";
    "com.apple.developer.aps-environment" = development;
    "com.apple.developer.icloud-container-identifiers" =     (
    );
    "com.apple.developer.team-identifier" = D39Q3HLKCF;
    "com.apple.security.files.downloads.read-write" = 1;
    "com.apple.security.files.user-selected.read-write" = 1;
    "com.apple.security.network.client" = 1;
    "com.apple.security.network.server" = 1;
}', teamID='D39Q3HLKCF', identifier='com.inamorata.SentimentAnalysisApp', executablePath='<DVTFilePath:0x111ca44e0:'/Users/lhoup/scratchpad/sentiment-analysis-macos/SentimentAnalysisApp/SentimentAnalysisApp.xcarchive/Products/Applications/Sentiment Analyzer.app/Contents/MacOS/Sentiment Analyzer'>', hardenedRuntime='1'>'> to: /var/folders/m5/9h4r9pj54jxgrd8r7n4yml340000gr/T/XcodeDistPipeline.~~~Xvo10X/entitlements~~~79y1Gv
2025-07-14 22:58:11 +0000 [MT] invoking codesign: <NSConcreteTask: 0x13785e9e0; launchPath='/usr/bin/codesign', arguments='(
    "-f",
    "-s",
    DC88E6D6546C57B03AC0C5673F5E3A2CA6E29FFF,
    "--entitlements",
    "/var/folders/m5/9h4r9pj54jxgrd8r7n4yml340000gr/T/XcodeDistPipeline.~~~Xvo10X/entitlements~~~79y1Gv",
    "--requirements",
    "=designated => anchor apple generic  and identifier \"$self.identifier\" and ((cert leaf[field.1.2.840.113635.100.6.1.9] exists) or ( certificate 1[field.1.2.840.113635.100.6.2.6] exists and certificate leaf[field.1.2.840.113635.100.6.1.13] exists  and certificate leaf[subject.OU] = \"D39Q3HLKCF\" ))",
    "--preserve-metadata=identifier,flags,runtime",
    "--generate-entitlement-der",
    "--strip-disallowed-xattrs",
    "-vvv",
    "/var/folders/m5/9h4r9pj54jxgrd8r7n4yml340000gr/T/XcodeDistPipeline.~~~Xvo10X/Root/Applications/Sentiment Analyzer.app"
)'>
2025-07-14 22:58:11 +0000 [MT] codesign output: /var/folders/m5/9h4r9pj54jxgrd8r7n4yml340000gr/T/XcodeDistPipeline.~~~Xvo10X/Root/Applications/Sentiment Analyzer.app: replacing existing signature
/var/folders/m5/9h4r9pj54jxgrd8r7n4yml340000gr/T/XcodeDistPipeline.~~~Xvo10X/Root/Applications/Sentiment Analyzer.app: signed app bundle with Mach-O thin (arm64) [com.inamorata.SentimentAnalysisApp]
2025-07-14 22:58:11 +0000 [MT] Processing step: IDEDistributionZipODRItemStep
2025-07-14 22:58:11 +0000 [MT] Skipping step: IDEDistributionZipODRItemStep because it said so
2025-07-14 22:58:11 +0000 [MT] Processing step: IDEDistributionSkipPackagingStep
2025-07-14 22:58:11 +0000 [MT] Processing step: IDEDistributionAppStoreInformationStep
2025-07-14 22:58:11 +0000 [MT] Skipping step: IDEDistributionAppStoreInformationStep because it said so
2025-07-14 22:58:11 +0000 [MT] Processing step: IDEDistributionGenerateProcessedDistributionItems
2025-07-14 22:58:11 +0000 [MT] IDEDistributionItem init <DVTFilePath:0x13797a250:'/var/folders/m5/9h4r9pj54jxgrd8r7n4yml340000gr/T/XcodeDistPipeline.~~~Xvo10X/Root/Applications/Sentiment Analyzer.app'>
2025-07-14 22:58:11 +0000 [MT] Processing step: IDEDistributionCreateManifestStep
2025-07-14 22:58:11 +0000 [MT] Skipping step: IDEDistributionCreateManifestStep because it said so
